{"/Users/BB/Documents/webdev/booktracker/services/bookSearch.js": {"path":"/Users/BB/Documents/webdev/booktracker/services/bookSearch.js","statementMap":{"0":{"start":{"line":2,"column":26},"end":{"line":2,"column":70}},"1":{"start":{"line":4,"column":0},"end":{"line":4,"column":59}},"2":{"start":{"line":8,"column":2},"end":{"line":8,"column":69}},"3":{"start":{"line":9,"column":2},"end":{"line":9,"column":101}},"4":{"start":{"line":10,"column":2},"end":{"line":10,"column":14}},"5":{"start":{"line":13,"column":0},"end":{"line":13,"column":69}},"6":{"start":{"line":16,"column":25},"end":{"line":16,"column":27}},"7":{"start":{"line":17,"column":2},"end":{"line":19,"column":3}},"8":{"start":{"line":18,"column":6},"end":{"line":18,"column":45}},"9":{"start":{"line":20,"column":2},"end":{"line":20,"column":26}}},"fnMap":{"0":{"name":"searchForBookByTitle","decl":{"start":{"line":6,"column":9},"end":{"line":6,"column":29}},"loc":{"start":{"line":6,"column":76},"end":{"line":11,"column":1}},"line":6},"1":{"name":"calculateNoResultsMessage","decl":{"start":{"line":15,"column":9},"end":{"line":15,"column":34}},"loc":{"start":{"line":15,"column":49},"end":{"line":21,"column":1}},"line":15}},"branchMap":{"0":{"loc":{"start":{"line":17,"column":2},"end":{"line":19,"column":3}},"type":"if","locations":[{"start":{"line":17,"column":2},"end":{"line":19,"column":3}},{"start":{"line":17,"column":2},"end":{"line":19,"column":3}}],"line":17}},"s":{"0":1,"1":1,"2":1,"3":1,"4":1,"5":1,"6":2,"7":2,"8":1,"9":2},"f":{"0":1,"1":2},"b":{"0":[1,1]},"_coverageSchema":"1a1c01bbd47fc00a2c39e90264f33305004495a9","hash":"7c379d1fdb3193bc7e329f5f42163565690813fe"}
,"/Users/BB/Documents/webdev/booktracker/services/databaseProcessor.js": {"path":"/Users/BB/Documents/webdev/booktracker/services/databaseProcessor.js","statementMap":{"0":{"start":{"line":2,"column":14},"end":{"line":2,"column":30}},"1":{"start":{"line":3,"column":19},"end":{"line":3,"column":32}},"2":{"start":{"line":4,"column":27},"end":{"line":4,"column":118}},"3":{"start":{"line":5,"column":26},"end":{"line":5,"column":87}},"4":{"start":{"line":8,"column":0},"end":{"line":8,"column":39}},"5":{"start":{"line":11,"column":4},"end":{"line":24,"column":5}},"6":{"start":{"line":12,"column":4},"end":{"line":22,"column":5}},"7":{"start":{"line":17,"column":27},"end":{"line":17,"column":38}},"8":{"start":{"line":18,"column":6},"end":{"line":18,"column":59}},"9":{"start":{"line":21,"column":6},"end":{"line":21,"column":42}},"10":{"start":{"line":23,"column":4},"end":{"line":23,"column":23}},"11":{"start":{"line":28,"column":0},"end":{"line":28,"column":81}},"12":{"start":{"line":31,"column":2},"end":{"line":31,"column":37}},"13":{"start":{"line":34,"column":0},"end":{"line":34,"column":45}},"14":{"start":{"line":37,"column":18},"end":{"line":43,"column":3}},"15":{"start":{"line":44,"column":1},"end":{"line":44,"column":19}},"16":{"start":{"line":47,"column":0},"end":{"line":47,"column":59}},"17":{"start":{"line":51,"column":31},"end":{"line":51,"column":53}},"18":{"start":{"line":53,"column":20},"end":{"line":64,"column":6}},"19":{"start":{"line":54,"column":6},"end":{"line":62,"column":7}},"20":{"start":{"line":58,"column":29},"end":{"line":58,"column":40}},"21":{"start":{"line":59,"column":8},"end":{"line":59,"column":61}},"22":{"start":{"line":61,"column":8},"end":{"line":61,"column":79}},"23":{"start":{"line":63,"column":6},"end":{"line":63,"column":25}}},"fnMap":{"0":{"name":"getResults","decl":{"start":{"line":10,"column":9},"end":{"line":10,"column":19}},"loc":{"start":{"line":10,"column":68},"end":{"line":26,"column":1}},"line":10},"1":{"name":"(anonymous_1)","decl":{"start":{"line":11,"column":43},"end":{"line":11,"column":44}},"loc":{"start":{"line":11,"column":71},"end":{"line":24,"column":3}},"line":11},"2":{"name":"getProductionDatabaseConnection","decl":{"start":{"line":30,"column":9},"end":{"line":30,"column":40}},"loc":{"start":{"line":30,"column":43},"end":{"line":32,"column":1}},"line":30},"3":{"name":"setConnection","decl":{"start":{"line":36,"column":9},"end":{"line":36,"column":22}},"loc":{"start":{"line":36,"column":37},"end":{"line":45,"column":1}},"line":36},"4":{"name":"getBookSearchResults","decl":{"start":{"line":49,"column":9},"end":{"line":49,"column":29}},"loc":{"start":{"line":49,"column":90},"end":{"line":66,"column":1}},"line":49},"5":{"name":"(anonymous_5)","decl":{"start":{"line":53,"column":82},"end":{"line":53,"column":83}},"loc":{"start":{"line":53,"column":110},"end":{"line":64,"column":5}},"line":53}},"branchMap":{"0":{"loc":{"start":{"line":12,"column":4},"end":{"line":22,"column":5}},"type":"if","locations":[{"start":{"line":12,"column":4},"end":{"line":22,"column":5}},{"start":{"line":12,"column":4},"end":{"line":22,"column":5}}],"line":12},"1":{"loc":{"start":{"line":54,"column":6},"end":{"line":62,"column":7}},"type":"if","locations":[{"start":{"line":54,"column":6},"end":{"line":62,"column":7}},{"start":{"line":54,"column":6},"end":{"line":62,"column":7}}],"line":54}},"s":{"0":2,"1":2,"2":2,"3":2,"4":2,"5":3,"6":2,"7":2,"8":2,"9":0,"10":2,"11":2,"12":3,"13":2,"14":12,"15":12,"16":2,"17":8,"18":8,"19":8,"20":8,"21":8,"22":0,"23":8},"f":{"0":3,"1":2,"2":3,"3":12,"4":8,"5":8},"b":{"0":[2,0],"1":[8,0]},"_coverageSchema":"1a1c01bbd47fc00a2c39e90264f33305004495a9","hash":"015609669b01739f76995d5bbdc55f9be89e8bc0"}
,"/Users/BB/Documents/webdev/booktracker/services/toRead.js": {"path":"/Users/BB/Documents/webdev/booktracker/services/toRead.js","statementMap":{"0":{"start":{"line":2,"column":26},"end":{"line":2,"column":70}},"1":{"start":{"line":6,"column":0},"end":{"line":10,"column":2}},"2":{"start":{"line":7,"column":2},"end":{"line":7,"column":69}},"3":{"start":{"line":8,"column":2},"end":{"line":8,"column":79}},"4":{"start":{"line":9,"column":2},"end":{"line":9,"column":14}},"5":{"start":{"line":12,"column":0},"end":{"line":12,"column":65}},"6":{"start":{"line":15,"column":23},"end":{"line":15,"column":25}},"7":{"start":{"line":16,"column":2},"end":{"line":18,"column":3}},"8":{"start":{"line":17,"column":6},"end":{"line":17,"column":56}},"9":{"start":{"line":19,"column":2},"end":{"line":19,"column":24}}},"fnMap":{"0":{"name":"(anonymous_0)","decl":{"start":{"line":6,"column":31},"end":{"line":6,"column":32}},"loc":{"start":{"line":6,"column":74},"end":{"line":10,"column":1}},"line":6},"1":{"name":"calculateWarningMessage","decl":{"start":{"line":14,"column":9},"end":{"line":14,"column":32}},"loc":{"start":{"line":14,"column":47},"end":{"line":20,"column":1}},"line":14}},"branchMap":{"0":{"loc":{"start":{"line":16,"column":2},"end":{"line":18,"column":3}},"type":"if","locations":[{"start":{"line":16,"column":2},"end":{"line":18,"column":3}},{"start":{"line":16,"column":2},"end":{"line":18,"column":3}}],"line":16}},"s":{"0":1,"1":1,"2":1,"3":1,"4":1,"5":1,"6":2,"7":2,"8":1,"9":2},"f":{"0":1,"1":2},"b":{"0":[1,1]},"_coverageSchema":"1a1c01bbd47fc00a2c39e90264f33305004495a9","hash":"6e9e2ae502f4d0bc5737ed8bff706b69841d9d33"}
}
