TN:
SF:services/bookSearch.js
FN:6,searchForBookByTitle
FN:15,calculateNoResultsMessage
FNF:2
FNH:2
FNDA:1,searchForBookByTitle
FNDA:1,calculateNoResultsMessage
DA:2,1
DA:4,1
DA:8,1
DA:9,1
DA:10,1
DA:13,1
DA:16,1
DA:17,1
DA:18,1
DA:20,1
LF:10
LH:10
BRDA:17,0,0,1
BRDA:17,0,1,0
BRF:2
BRH:1
end_of_record
TN:
SF:services/databaseProcessor.js
FN:10,getResults
FN:11,(anonymous_1)
FN:30,getProductionDatabaseConnection
FN:36,setConnection
FN:49,getBookSearchResults
FN:53,(anonymous_5)
FNF:6
FNH:6
FNDA:3,getResults
FNDA:2,(anonymous_1)
FNDA:3,getProductionDatabaseConnection
FNDA:12,setConnection
FNDA:8,getBookSearchResults
FNDA:8,(anonymous_5)
DA:2,2
DA:3,2
DA:4,2
DA:5,2
DA:8,2
DA:11,3
DA:12,2
DA:17,2
DA:18,2
DA:21,0
DA:23,2
DA:28,2
DA:31,3
DA:34,2
DA:37,12
DA:44,12
DA:47,2
DA:51,8
DA:53,8
DA:54,8
DA:58,8
DA:59,8
DA:61,0
DA:63,8
LF:24
LH:22
BRDA:12,0,0,2
BRDA:12,0,1,0
BRDA:54,1,0,8
BRDA:54,1,1,0
BRF:4
BRH:2
end_of_record
TN:
SF:services/toRead.js
FN:6,(anonymous_0)
FN:14,calculateWarningMessage
FNF:2
FNH:2
FNDA:1,(anonymous_0)
FNDA:1,calculateWarningMessage
DA:2,1
DA:6,1
DA:7,1
DA:8,1
DA:9,1
DA:12,1
DA:15,1
DA:16,1
DA:17,1
DA:19,1
LF:10
LH:10
BRDA:16,0,0,1
BRDA:16,0,1,0
BRF:2
BRH:1
end_of_record
